[2015-01-04 06:02:44] INFO  WEBrick 1.3.1
[2015-01-04 06:02:44] INFO  ruby 2.1.3 (2014-09-19) [x86_64-linux]
/usr/local/rvm/rubies/ruby-2.1.3/lib/ruby/2.1.0/socket.rb:206:in `bind': Address already in use - bind(2) for 0.0.0.0:3000 (Errno::EADDRINUSE)
	from /usr/local/rvm/rubies/ruby-2.1.3/lib/ruby/2.1.0/socket.rb:206:in `listen'
	from /usr/local/rvm/rubies/ruby-2.1.3/lib/ruby/2.1.0/socket.rb:461:in `block in tcp_server_sockets'
	from /usr/local/rvm/rubies/ruby-2.1.3/lib/ruby/2.1.0/socket.rb:232:in `each'
	from /usr/local/rvm/rubies/ruby-2.1.3/lib/ruby/2.1.0/socket.rb:232:in `foreach'
	from /usr/local/rvm/rubies/ruby-2.1.3/lib/ruby/2.1.0/socket.rb:459:in `tcp_server_sockets'
	from /usr/local/rvm/rubies/ruby-2.1.3/lib/ruby/2.1.0/webrick/utils.rb:75:in `create_listeners'
	from /usr/local/rvm/rubies/ruby-2.1.3/lib/ruby/2.1.0/webrick/server.rb:132:in `listen'
	from /usr/local/rvm/rubies/ruby-2.1.3/lib/ruby/2.1.0/webrick/server.rb:113:in `initialize'
	from /usr/local/rvm/rubies/ruby-2.1.3/lib/ruby/2.1.0/webrick/httpserver.rb:45:in `initialize'
	from /usr/local/rvm/gems/ruby-2.1.3/gems/rack-1.5.2/lib/rack/handler/webrick.rb:11:in `new'
	from /usr/local/rvm/gems/ruby-2.1.3/gems/rack-1.5.2/lib/rack/handler/webrick.rb:11:in `run'
	from /usr/local/rvm/gems/ruby-2.1.3/gems/rack-1.5.2/lib/rack/server.rb:264:in `start'
	from /usr/local/rvm/gems/ruby-2.1.3/gems/railties-4.1.8/lib/rails/commands/server.rb:69:in `start'
	from /usr/local/rvm/gems/ruby-2.1.3/gems/railties-4.1.8/lib/rails/commands/commands_tasks.rb:81:in `block in server'
	from /usr/local/rvm/gems/ruby-2.1.3/gems/railties-4.1.8/lib/rails/commands/commands_tasks.rb:76:in `tap'
	from /usr/local/rvm/gems/ruby-2.1.3/gems/railties-4.1.8/lib/rails/commands/commands_tasks.rb:76:in `server'
	from /usr/local/rvm/gems/ruby-2.1.3/gems/railties-4.1.8/lib/rails/commands/commands_tasks.rb:40:in `run_command!'
	from /usr/local/rvm/gems/ruby-2.1.3/gems/railties-4.1.8/lib/rails/commands.rb:17:in `<top (required)>'
	from /home/_news_server/bin/rails:8:in `require'
	from /home/_news_server/bin/rails:8:in `<top (required)>'
	from /usr/local/rvm/gems/ruby-2.1.3/gems/spring-1.2.0/lib/spring/client/rails.rb:27:in `load'
	from /usr/local/rvm/gems/ruby-2.1.3/gems/spring-1.2.0/lib/spring/client/rails.rb:27:in `call'
	from /usr/local/rvm/gems/ruby-2.1.3/gems/spring-1.2.0/lib/spring/client/command.rb:7:in `call'
	from /usr/local/rvm/gems/ruby-2.1.3/gems/spring-1.2.0/lib/spring/client.rb:26:in `run'
	from /usr/local/rvm/gems/ruby-2.1.3/gems/spring-1.2.0/bin/spring:48:in `<top (required)>'
	from /usr/local/rvm/gems/ruby-2.1.3/gems/spring-1.2.0/lib/spring/binstub.rb:11:in `load'
	from /usr/local/rvm/gems/ruby-2.1.3/gems/spring-1.2.0/lib/spring/binstub.rb:11:in `<top (required)>'
	from /home/_news_server/bin/spring:16:in `require'
	from /home/_news_server/bin/spring:16:in `<top (required)>'
	from bin/rails:3:in `load'
	from bin/rails:3:in `<main>'
=> Booting WEBrick
=> Rails 4.1.8 application starting in development on http://0.0.0.0:3000
=> Run `rails server -h` for more startup options
=> Notice: server is listening on all interfaces (0.0.0.0). Consider using 127.0.0.1 (--binding option)
=> Ctrl-C to shutdown server
Exiting
[2015-01-04 06:02:59] INFO  WEBrick 1.3.1
[2015-01-04 06:02:59] INFO  ruby 2.1.3 (2014-09-19) [x86_64-linux]
/usr/local/rvm/rubies/ruby-2.1.3/lib/ruby/2.1.0/socket.rb:206:in `bind': Address already in use - bind(2) for 0.0.0.0:3000 (Errno::EADDRINUSE)
	from /usr/local/rvm/rubies/ruby-2.1.3/lib/ruby/2.1.0/socket.rb:206:in `listen'
	from /usr/local/rvm/rubies/ruby-2.1.3/lib/ruby/2.1.0/socket.rb:461:in `block in tcp_server_sockets'
	from /usr/local/rvm/rubies/ruby-2.1.3/lib/ruby/2.1.0/socket.rb:232:in `each'
	from /usr/local/rvm/rubies/ruby-2.1.3/lib/ruby/2.1.0/socket.rb:232:in `foreach'
	from /usr/local/rvm/rubies/ruby-2.1.3/lib/ruby/2.1.0/socket.rb:459:in `tcp_server_sockets'
	from /usr/local/rvm/rubies/ruby-2.1.3/lib/ruby/2.1.0/webrick/utils.rb:75:in `create_listeners'
	from /usr/local/rvm/rubies/ruby-2.1.3/lib/ruby/2.1.0/webrick/server.rb:132:in `listen'
	from /usr/local/rvm/rubies/ruby-2.1.3/lib/ruby/2.1.0/webrick/server.rb:113:in `initialize'
	from /usr/local/rvm/rubies/ruby-2.1.3/lib/ruby/2.1.0/webrick/httpserver.rb:45:in `initialize'
	from /usr/local/rvm/gems/ruby-2.1.3/gems/rack-1.5.2/lib/rack/handler/webrick.rb:11:in `new'
	from /usr/local/rvm/gems/ruby-2.1.3/gems/rack-1.5.2/lib/rack/handler/webrick.rb:11:in `run'
	from /usr/local/rvm/gems/ruby-2.1.3/gems/rack-1.5.2/lib/rack/server.rb:264:in `start'
	from /usr/local/rvm/gems/ruby-2.1.3/gems/railties-4.1.8/lib/rails/commands/server.rb:69:in `start'
	from /usr/local/rvm/gems/ruby-2.1.3/gems/railties-4.1.8/lib/rails/commands/commands_tasks.rb:81:in `block in server'
	from /usr/local/rvm/gems/ruby-2.1.3/gems/railties-4.1.8/lib/rails/commands/commands_tasks.rb:76:in `tap'
	from /usr/local/rvm/gems/ruby-2.1.3/gems/railties-4.1.8/lib/rails/commands/commands_tasks.rb:76:in `server'
	from /usr/local/rvm/gems/ruby-2.1.3/gems/railties-4.1.8/lib/rails/commands/commands_tasks.rb:40:in `run_command!'
	from /usr/local/rvm/gems/ruby-2.1.3/gems/railties-4.1.8/lib/rails/commands.rb:17:in `<top (required)>'
	from /home/_news_server/bin/rails:8:in `require'
	from /home/_news_server/bin/rails:8:in `<top (required)>'
	from /usr/local/rvm/gems/ruby-2.1.3/gems/spring-1.2.0/lib/spring/client/rails.rb:27:in `load'
	from /usr/local/rvm/gems/ruby-2.1.3/gems/spring-1.2.0/lib/spring/client/rails.rb:27:in `call'
	from /usr/local/rvm/gems/ruby-2.1.3/gems/spring-1.2.0/lib/spring/client/command.rb:7:in `call'
	from /usr/local/rvm/gems/ruby-2.1.3/gems/spring-1.2.0/lib/spring/client.rb:26:in `run'
	from /usr/local/rvm/gems/ruby-2.1.3/gems/spring-1.2.0/bin/spring:48:in `<top (required)>'
	from /usr/local/rvm/gems/ruby-2.1.3/gems/spring-1.2.0/lib/spring/binstub.rb:11:in `load'
	from /usr/local/rvm/gems/ruby-2.1.3/gems/spring-1.2.0/lib/spring/binstub.rb:11:in `<top (required)>'
	from /home/_news_server/bin/spring:16:in `require'
	from /home/_news_server/bin/spring:16:in `<top (required)>'
	from bin/rails:3:in `load'
	from bin/rails:3:in `<main>'
=> Booting WEBrick
=> Rails 4.1.8 application starting in development on http://0.0.0.0:3000
=> Run `rails server -h` for more startup options
=> Notice: server is listening on all interfaces (0.0.0.0). Consider using 127.0.0.1 (--binding option)
=> Ctrl-C to shutdown server
Exiting
